[0.876s] Invoking command in '/shared-folder/ros2_ws/src/puzzlebot_sim': PYTHONPATH=/shared-folder/ros2_ws/build/puzzlebot_sim/prefix_override:/usr/lib/python3/dist-packages/colcon_core/task/python/colcon_distutils_commands:/shared-folder/ros2_ws/install/puzzlebot_sim/lib/python3.10/site-packages:${PYTHONPATH} /usr/bin/python3 -W ignore:setup.py install is deprecated -W ignore:easy_install command is deprecated setup.py egg_info --egg-base ../../build/puzzlebot_sim build --build-base /shared-folder/ros2_ws/build/puzzlebot_sim/build install --record /shared-folder/ros2_ws/build/puzzlebot_sim/install.log --single-version-externally-managed install_data
[1.068s] running egg_info
[1.069s] writing ../../build/puzzlebot_sim/puzzlebot_sim.egg-info/PKG-INFO
[1.069s] writing dependency_links to ../../build/puzzlebot_sim/puzzlebot_sim.egg-info/dependency_links.txt
[1.070s] writing entry points to ../../build/puzzlebot_sim/puzzlebot_sim.egg-info/entry_points.txt
[1.070s] writing requirements to ../../build/puzzlebot_sim/puzzlebot_sim.egg-info/requires.txt
[1.070s] writing top-level names to ../../build/puzzlebot_sim/puzzlebot_sim.egg-info/top_level.txt
[1.072s] reading manifest file '../../build/puzzlebot_sim/puzzlebot_sim.egg-info/SOURCES.txt'
[1.072s] adding license file 'LICENSE'
[1.073s] writing manifest file '../../build/puzzlebot_sim/puzzlebot_sim.egg-info/SOURCES.txt'
[1.073s] running build
[1.073s] running build_py
[1.074s] copying puzzlebot_sim/joint_state_publisher.py -> /shared-folder/ros2_ws/build/puzzlebot_sim/build/lib/puzzlebot_sim
[1.074s] running install
[1.075s] running install_lib
[1.075s] copying /shared-folder/ros2_ws/build/puzzlebot_sim/build/lib/puzzlebot_sim/joint_state_publisher.py -> /shared-folder/ros2_ws/install/puzzlebot_sim/lib/python3.10/site-packages/puzzlebot_sim
[1.076s] byte-compiling /shared-folder/ros2_ws/install/puzzlebot_sim/lib/python3.10/site-packages/puzzlebot_sim/joint_state_publisher.py to joint_state_publisher.cpython-310.pyc
[1.077s] running install_data
[1.078s] running install_egg_info
[1.080s] removing '/shared-folder/ros2_ws/install/puzzlebot_sim/lib/python3.10/site-packages/puzzlebot_sim-0.0.0-py3.10.egg-info' (and everything under it)
[1.080s] Copying ../../build/puzzlebot_sim/puzzlebot_sim.egg-info to /shared-folder/ros2_ws/install/puzzlebot_sim/lib/python3.10/site-packages/puzzlebot_sim-0.0.0-py3.10.egg-info
[1.081s] running install_scripts
[1.101s] Installing joint_state_publisher script to /shared-folder/ros2_ws/install/puzzlebot_sim/lib/puzzlebot_sim
[1.102s] writing list of installed files to '/shared-folder/ros2_ws/build/puzzlebot_sim/install.log'
[1.149s] Invoked command in '/shared-folder/ros2_ws/src/puzzlebot_sim' returned '0': PYTHONPATH=/shared-folder/ros2_ws/build/puzzlebot_sim/prefix_override:/usr/lib/python3/dist-packages/colcon_core/task/python/colcon_distutils_commands:/shared-folder/ros2_ws/install/puzzlebot_sim/lib/python3.10/site-packages:${PYTHONPATH} /usr/bin/python3 -W ignore:setup.py install is deprecated -W ignore:easy_install command is deprecated setup.py egg_info --egg-base ../../build/puzzlebot_sim build --build-base /shared-folder/ros2_ws/build/puzzlebot_sim/build install --record /shared-folder/ros2_ws/build/puzzlebot_sim/install.log --single-version-externally-managed install_data
