running egg_info
writing ../../build/tf_examples/tf_examples.egg-info/PKG-INFO
writing dependency_links to ../../build/tf_examples/tf_examples.egg-info/dependency_links.txt
writing entry points to ../../build/tf_examples/tf_examples.egg-info/entry_points.txt
writing requirements to ../../build/tf_examples/tf_examples.egg-info/requires.txt
writing top-level names to ../../build/tf_examples/tf_examples.egg-info/top_level.txt
reading manifest file '../../build/tf_examples/tf_examples.egg-info/SOURCES.txt'
adding license file 'LICENSE'
writing manifest file '../../build/tf_examples/tf_examples.egg-info/SOURCES.txt'
running build
running build_py
copying tf_examples/static_tf.py -> /shared-folder/ros2_ws/build/tf_examples/build/lib/tf_examples
running install
running install_lib
copying /shared-folder/ros2_ws/build/tf_examples/build/lib/tf_examples/static_tf.py -> /shared-folder/ros2_ws/install/tf_examples/lib/python3.10/site-packages/tf_examples
byte-compiling /shared-folder/ros2_ws/install/tf_examples/lib/python3.10/site-packages/tf_examples/static_tf.py to static_tf.cpython-310.pyc
running install_data
running install_egg_info
removing '/shared-folder/ros2_ws/install/tf_examples/lib/python3.10/site-packages/tf_examples-0.0.0-py3.10.egg-info' (and everything under it)
Copying ../../build/tf_examples/tf_examples.egg-info to /shared-folder/ros2_ws/install/tf_examples/lib/python3.10/site-packages/tf_examples-0.0.0-py3.10.egg-info
running install_scripts
Installing static_tf script to /shared-folder/ros2_ws/install/tf_examples/lib/tf_examples
writing list of installed files to '/shared-folder/ros2_ws/build/tf_examples/install.log'
