[0.793s] Invoking command in '/home/rodrigo/ros2_ws/src/A*SEARCHALGORITHM/a_star_map_publisher': DEBUGINFOD_URLS=https://debuginfod.ubuntu.com PYTHONPATH=/home/rodrigo/ros2_ws/build/a_star_map_publisher/prefix_override:/usr/lib/python3/dist-packages/colcon_core/task/python/colcon_distutils_commands:/home/rodrigo/ros2_ws/install/a_star_map_publisher/lib/python3.12/site-packages:${PYTHONPATH} /usr/bin/python3 -W ignore:setup.py install is deprecated -W ignore:easy_install command is deprecated setup.py egg_info --egg-base ../../../build/a_star_map_publisher build --build-base /home/rodrigo/ros2_ws/build/a_star_map_publisher/build install --record /home/rodrigo/ros2_ws/build/a_star_map_publisher/install.log --single-version-externally-managed install_data
[1.057s] running egg_info
[1.077s] writing ../../../build/a_star_map_publisher/a_star_map_publisher.egg-info/PKG-INFO
[1.077s] writing dependency_links to ../../../build/a_star_map_publisher/a_star_map_publisher.egg-info/dependency_links.txt
[1.077s] writing entry points to ../../../build/a_star_map_publisher/a_star_map_publisher.egg-info/entry_points.txt
[1.077s] writing requirements to ../../../build/a_star_map_publisher/a_star_map_publisher.egg-info/requires.txt
[1.077s] writing top-level names to ../../../build/a_star_map_publisher/a_star_map_publisher.egg-info/top_level.txt
[1.118s] reading manifest file '../../../build/a_star_map_publisher/a_star_map_publisher.egg-info/SOURCES.txt'
[1.119s] writing manifest file '../../../build/a_star_map_publisher/a_star_map_publisher.egg-info/SOURCES.txt'
[1.119s] running build
[1.119s] running build_py
[1.119s] running install
[1.125s] running install_lib
[1.146s] running install_data
[1.146s] running install_egg_info
[1.167s] removing '/home/rodrigo/ros2_ws/install/a_star_map_publisher/lib/python3.12/site-packages/a_star_map_publisher-0.0.0-py3.12.egg-info' (and everything under it)
[1.167s] Copying ../../../build/a_star_map_publisher/a_star_map_publisher.egg-info to /home/rodrigo/ros2_ws/install/a_star_map_publisher/lib/python3.12/site-packages/a_star_map_publisher-0.0.0-py3.12.egg-info
[1.168s] running install_scripts
[1.304s] Installing a_star_node script to /home/rodrigo/ros2_ws/install/a_star_map_publisher/lib/a_star_map_publisher
[1.304s] Installing map_publisher script to /home/rodrigo/ros2_ws/install/a_star_map_publisher/lib/a_star_map_publisher
[1.305s] writing list of installed files to '/home/rodrigo/ros2_ws/build/a_star_map_publisher/install.log'
[1.329s] Invoked command in '/home/rodrigo/ros2_ws/src/A*SEARCHALGORITHM/a_star_map_publisher' returned '0': DEBUGINFOD_URLS=https://debuginfod.ubuntu.com PYTHONPATH=/home/rodrigo/ros2_ws/build/a_star_map_publisher/prefix_override:/usr/lib/python3/dist-packages/colcon_core/task/python/colcon_distutils_commands:/home/rodrigo/ros2_ws/install/a_star_map_publisher/lib/python3.12/site-packages:${PYTHONPATH} /usr/bin/python3 -W ignore:setup.py install is deprecated -W ignore:easy_install command is deprecated setup.py egg_info --egg-base ../../../build/a_star_map_publisher build --build-base /home/rodrigo/ros2_ws/build/a_star_map_publisher/build install --record /home/rodrigo/ros2_ws/build/a_star_map_publisher/install.log --single-version-externally-managed install_data
