running egg_info
writing ../../../build/a_star_map_publisher/a_star_map_publisher.egg-info/PKG-INFO
writing dependency_links to ../../../build/a_star_map_publisher/a_star_map_publisher.egg-info/dependency_links.txt
writing entry points to ../../../build/a_star_map_publisher/a_star_map_publisher.egg-info/entry_points.txt
writing requirements to ../../../build/a_star_map_publisher/a_star_map_publisher.egg-info/requires.txt
writing top-level names to ../../../build/a_star_map_publisher/a_star_map_publisher.egg-info/top_level.txt
reading manifest file '../../../build/a_star_map_publisher/a_star_map_publisher.egg-info/SOURCES.txt'
writing manifest file '../../../build/a_star_map_publisher/a_star_map_publisher.egg-info/SOURCES.txt'
running build
running build_py
running install
running install_lib
running install_data
running install_egg_info
removing '/home/rodrigo/ros2_ws/install/a_star_map_publisher/lib/python3.12/site-packages/a_star_map_publisher-0.0.0-py3.12.egg-info' (and everything under it)
Copying ../../../build/a_star_map_publisher/a_star_map_publisher.egg-info to /home/rodrigo/ros2_ws/install/a_star_map_publisher/lib/python3.12/site-packages/a_star_map_publisher-0.0.0-py3.12.egg-info
running install_scripts
Installing a_star_node script to /home/rodrigo/ros2_ws/install/a_star_map_publisher/lib/a_star_map_publisher
Installing map_publisher script to /home/rodrigo/ros2_ws/install/a_star_map_publisher/lib/a_star_map_publisher
writing list of installed files to '/home/rodrigo/ros2_ws/build/a_star_map_publisher/install.log'
