[0.065s] DEBUG:colcon:Command line arguments: ['/usr/bin/colcon', 'build']
[0.065s] DEBUG:colcon:Parsed command line arguments: Namespace(log_base=None, log_level=None, verb_name='build', build_base='build', install_base='install', merge_install=False, symlink_install=False, test_result_base=None, continue_on_error=False, executor='parallel', parallel_workers=12, event_handlers=None, ignore_user_meta=False, metas=['./colcon.meta'], base_paths=['.'], packages_ignore=None, packages_ignore_regex=None, paths=None, packages_up_to=None, packages_up_to_regex=None, packages_above=None, packages_above_and_dependencies=None, packages_above_depth=None, packages_select_by_dep=None, packages_skip_by_dep=None, packages_skip_up_to=None, packages_select_build_failed=False, packages_skip_build_finished=False, packages_select_test_failures=False, packages_skip_test_passed=False, packages_select=None, packages_skip=None, packages_select_regex=None, packages_skip_regex=None, packages_start=None, packages_end=None, cmake_args=None, cmake_target=None, cmake_target_skip_unavailable=False, cmake_clean_cache=False, cmake_clean_first=False, cmake_force_configure=False, ament_cmake_args=None, catkin_cmake_args=None, catkin_skip_building_tests=False, mixin_files=None, mixin=None, verb_parser=<colcon_mixin.mixin.mixin_argument.MixinArgumentDecorator object at 0x75ea30c42e90>, verb_extension=<colcon_core.verb.build.BuildVerb object at 0x75ea30d27e50>, main=<bound method BuildVerb.main of <colcon_core.verb.build.BuildVerb object at 0x75ea30d27e50>>, mixin_verb=('build',))
[0.149s] Level 1:colcon.colcon_core.package_discovery:discover_packages(colcon_meta) check parameters
[0.150s] Level 1:colcon.colcon_core.package_discovery:discover_packages(recursive) check parameters
[0.150s] Level 1:colcon.colcon_core.package_discovery:discover_packages(ignore) check parameters
[0.150s] Level 1:colcon.colcon_core.package_discovery:discover_packages(path) check parameters
[0.150s] Level 1:colcon.colcon_core.package_discovery:discover_packages(colcon_meta) discover
[0.150s] Level 1:colcon.colcon_core.package_discovery:discover_packages(recursive) discover
[0.150s] INFO:colcon.colcon_core.package_discovery:Crawling recursively for packages in '/shared-folder/ros2_ws/src/tf_examples'
[0.150s] Level 1:colcon.colcon_core.package_identification:_identify(.) by extensions ['ignore', 'ignore_ament_install']
[0.150s] Level 1:colcon.colcon_core.package_identification:_identify(.) by extension 'ignore'
[0.150s] Level 1:colcon.colcon_core.package_identification:_identify(.) by extension 'ignore_ament_install'
[0.150s] Level 1:colcon.colcon_core.package_identification:_identify(.) by extensions ['colcon_pkg']
[0.150s] Level 1:colcon.colcon_core.package_identification:_identify(.) by extension 'colcon_pkg'
[0.150s] Level 1:colcon.colcon_core.package_identification:_identify(.) by extensions ['colcon_meta']
[0.150s] Level 1:colcon.colcon_core.package_identification:_identify(.) by extension 'colcon_meta'
[0.150s] Level 1:colcon.colcon_core.package_identification:_identify(.) by extensions ['ros']
[0.150s] Level 1:colcon.colcon_core.package_identification:_identify(.) by extension 'ros'
[0.159s] DEBUG:colcon.colcon_core.package_identification:Package '.' with type 'ros.ament_python' and name 'tf_examples'
[0.160s] Level 1:colcon.colcon_core.package_discovery:discover_packages(recursive) using defaults
[0.160s] Level 1:colcon.colcon_core.package_discovery:discover_packages(ignore) discover
[0.160s] Level 1:colcon.colcon_core.package_discovery:discover_packages(ignore) using defaults
[0.160s] Level 1:colcon.colcon_core.package_discovery:discover_packages(path) discover
[0.160s] Level 1:colcon.colcon_core.package_discovery:discover_packages(path) using defaults
[0.172s] Level 5:colcon.colcon_core.verb:set package 'tf_examples' build argument 'cmake_args' from command line to 'None'
[0.172s] Level 5:colcon.colcon_core.verb:set package 'tf_examples' build argument 'cmake_target' from command line to 'None'
[0.172s] Level 5:colcon.colcon_core.verb:set package 'tf_examples' build argument 'cmake_target_skip_unavailable' from command line to 'False'
[0.172s] Level 5:colcon.colcon_core.verb:set package 'tf_examples' build argument 'cmake_clean_cache' from command line to 'False'
[0.172s] Level 5:colcon.colcon_core.verb:set package 'tf_examples' build argument 'cmake_clean_first' from command line to 'False'
[0.172s] Level 5:colcon.colcon_core.verb:set package 'tf_examples' build argument 'cmake_force_configure' from command line to 'False'
[0.172s] Level 5:colcon.colcon_core.verb:set package 'tf_examples' build argument 'ament_cmake_args' from command line to 'None'
[0.172s] Level 5:colcon.colcon_core.verb:set package 'tf_examples' build argument 'catkin_cmake_args' from command line to 'None'
[0.172s] Level 5:colcon.colcon_core.verb:set package 'tf_examples' build argument 'catkin_skip_building_tests' from command line to 'False'
[0.172s] DEBUG:colcon.colcon_core.verb:Building package 'tf_examples' with the following arguments: {'ament_cmake_args': None, 'build_base': '/shared-folder/ros2_ws/src/tf_examples/build/tf_examples', 'catkin_cmake_args': None, 'catkin_skip_building_tests': False, 'cmake_args': None, 'cmake_clean_cache': False, 'cmake_clean_first': False, 'cmake_force_configure': False, 'cmake_target': None, 'cmake_target_skip_unavailable': False, 'install_base': '/shared-folder/ros2_ws/src/tf_examples/install/tf_examples', 'merge_install': False, 'path': '/shared-folder/ros2_ws/src/tf_examples', 'symlink_install': False, 'test_result_base': None}
[0.172s] INFO:colcon.colcon_core.executor:Executing jobs using 'parallel' executor
[0.173s] DEBUG:colcon.colcon_parallel_executor.executor.parallel:run_until_complete
[0.173s] INFO:colcon.colcon_ros.task.ament_python.build:Building ROS package in '/shared-folder/ros2_ws/src/tf_examples' with build type 'ament_python'
[0.173s] Level 1:colcon.colcon_core.shell:create_environment_hook('tf_examples', 'ament_prefix_path')
[0.175s] INFO:colcon.colcon_core.plugin_system:Skipping extension 'colcon_core.shell.bat': Not used on non-Windows systems
[0.175s] INFO:colcon.colcon_core.shell:Creating environment hook '/shared-folder/ros2_ws/src/tf_examples/install/tf_examples/share/tf_examples/hook/ament_prefix_path.ps1'
[0.175s] INFO:colcon.colcon_core.shell:Creating environment descriptor '/shared-folder/ros2_ws/src/tf_examples/install/tf_examples/share/tf_examples/hook/ament_prefix_path.dsv'
[0.176s] INFO:colcon.colcon_core.shell:Creating environment hook '/shared-folder/ros2_ws/src/tf_examples/install/tf_examples/share/tf_examples/hook/ament_prefix_path.sh'
[0.176s] INFO:colcon.colcon_core.shell:Skip shell extension 'powershell' for command environment: Not usable outside of PowerShell
[0.176s] DEBUG:colcon.colcon_core.shell:Skip shell extension 'dsv' for command environment
[0.322s] INFO:colcon.colcon_core.task.python.build:Building Python package in '/shared-folder/ros2_ws/src/tf_examples'
[0.322s] INFO:colcon.colcon_core.shell:Skip shell extension 'powershell' for command environment: Not usable outside of PowerShell
[0.322s] DEBUG:colcon.colcon_core.shell:Skip shell extension 'dsv' for command environment
[0.513s] DEBUG:colcon.colcon_core.event_handler.log_command:Invoking command in '/shared-folder/ros2_ws/src/tf_examples': PYTHONPATH=/shared-folder/ros2_ws/src/tf_examples/build/tf_examples/prefix_override:/usr/lib/python3/dist-packages/colcon_core/task/python/colcon_distutils_commands:/shared-folder/ros2_ws/src/tf_examples/install/tf_examples/lib/python3.10/site-packages:${PYTHONPATH} /usr/bin/python3 -W ignore:setup.py install is deprecated -W ignore:easy_install command is deprecated setup.py egg_info --egg-base build/tf_examples build --build-base /shared-folder/ros2_ws/src/tf_examples/build/tf_examples/build install --record /shared-folder/ros2_ws/src/tf_examples/build/tf_examples/install.log --single-version-externally-managed install_data
[0.677s] DEBUG:colcon.colcon_core.event_handler.log_command:Invoked command in '/shared-folder/ros2_ws/src/tf_examples' returned '0': PYTHONPATH=/shared-folder/ros2_ws/src/tf_examples/build/tf_examples/prefix_override:/usr/lib/python3/dist-packages/colcon_core/task/python/colcon_distutils_commands:/shared-folder/ros2_ws/src/tf_examples/install/tf_examples/lib/python3.10/site-packages:${PYTHONPATH} /usr/bin/python3 -W ignore:setup.py install is deprecated -W ignore:easy_install command is deprecated setup.py egg_info --egg-base build/tf_examples build --build-base /shared-folder/ros2_ws/src/tf_examples/build/tf_examples/build install --record /shared-folder/ros2_ws/src/tf_examples/build/tf_examples/install.log --single-version-externally-managed install_data
[0.679s] Level 1:colcon.colcon_core.environment:checking '/shared-folder/ros2_ws/src/tf_examples/install/tf_examples' for CMake module files
[0.679s] Level 1:colcon.colcon_core.environment:checking '/shared-folder/ros2_ws/src/tf_examples/install/tf_examples' for CMake config files
[0.679s] Level 1:colcon.colcon_core.environment:checking '/shared-folder/ros2_ws/src/tf_examples/install/tf_examples/lib'
[0.679s] Level 1:colcon.colcon_core.environment:checking '/shared-folder/ros2_ws/src/tf_examples/install/tf_examples/bin'
[0.680s] Level 1:colcon.colcon_core.environment:checking '/shared-folder/ros2_ws/src/tf_examples/install/tf_examples/lib/pkgconfig/tf_examples.pc'
[0.680s] Level 1:colcon.colcon_core.environment:checking '/shared-folder/ros2_ws/src/tf_examples/install/tf_examples/lib/python3.10/site-packages'
[0.680s] Level 1:colcon.colcon_core.shell:create_environment_hook('tf_examples', 'pythonpath')
[0.680s] INFO:colcon.colcon_core.shell:Creating environment hook '/shared-folder/ros2_ws/src/tf_examples/install/tf_examples/share/tf_examples/hook/pythonpath.ps1'
[0.680s] INFO:colcon.colcon_core.shell:Creating environment descriptor '/shared-folder/ros2_ws/src/tf_examples/install/tf_examples/share/tf_examples/hook/pythonpath.dsv'
[0.680s] INFO:colcon.colcon_core.shell:Creating environment hook '/shared-folder/ros2_ws/src/tf_examples/install/tf_examples/share/tf_examples/hook/pythonpath.sh'
[0.681s] Level 1:colcon.colcon_core.environment:checking '/shared-folder/ros2_ws/src/tf_examples/install/tf_examples/bin'
[0.681s] Level 1:colcon.colcon_core.environment:create_environment_scripts_only(tf_examples)
[0.681s] INFO:colcon.colcon_core.shell:Creating package script '/shared-folder/ros2_ws/src/tf_examples/install/tf_examples/share/tf_examples/package.ps1'
[0.681s] INFO:colcon.colcon_core.shell:Creating package descriptor '/shared-folder/ros2_ws/src/tf_examples/install/tf_examples/share/tf_examples/package.dsv'
[0.682s] INFO:colcon.colcon_core.shell:Creating package script '/shared-folder/ros2_ws/src/tf_examples/install/tf_examples/share/tf_examples/package.sh'
[0.682s] INFO:colcon.colcon_core.shell:Creating package script '/shared-folder/ros2_ws/src/tf_examples/install/tf_examples/share/tf_examples/package.bash'
[0.683s] INFO:colcon.colcon_core.shell:Creating package script '/shared-folder/ros2_ws/src/tf_examples/install/tf_examples/share/tf_examples/package.zsh'
[0.683s] Level 1:colcon.colcon_core.environment:create_file_with_runtime_dependencies(/shared-folder/ros2_ws/src/tf_examples/install/tf_examples/share/colcon-core/packages/tf_examples)
[0.683s] DEBUG:colcon.colcon_parallel_executor.executor.parallel:closing loop
[0.683s] DEBUG:colcon.colcon_parallel_executor.executor.parallel:loop closed
[0.684s] DEBUG:colcon.colcon_parallel_executor.executor.parallel:run_until_complete finished with '0'
[0.684s] DEBUG:colcon.colcon_core.event_reactor:joining thread
[0.688s] INFO:colcon.colcon_core.plugin_system:Skipping extension 'colcon_notification.desktop_notification.notify_send': Could not find 'notify-send'
[0.688s] INFO:colcon.colcon_core.plugin_system:Skipping extension 'colcon_notification.desktop_notification.terminal_notifier': Not used on non-Darwin systems
[0.688s] INFO:colcon.colcon_core.plugin_system:Skipping extension 'colcon_notification.desktop_notification.win32': Not used on non-Windows systems
[0.688s] INFO:colcon.colcon_notification.desktop_notification:Sending desktop notification using 'notify2'
[0.689s] DEBUG:colcon.colcon_notification.desktop_notification.notify2:Failed to initialize notify2: org.freedesktop.DBus.Error.Spawn.ExecFailed: /usr/bin/dbus-launch terminated abnormally without any error message
[0.690s] DEBUG:colcon.colcon_core.event_reactor:joined thread
[0.690s] INFO:colcon.colcon_core.shell:Creating prefix script '/shared-folder/ros2_ws/src/tf_examples/install/local_setup.ps1'
[0.691s] INFO:colcon.colcon_core.shell:Creating prefix util module '/shared-folder/ros2_ws/src/tf_examples/install/_local_setup_util_ps1.py'
[0.692s] INFO:colcon.colcon_core.shell:Creating prefix chain script '/shared-folder/ros2_ws/src/tf_examples/install/setup.ps1'
[0.692s] INFO:colcon.colcon_core.shell:Creating prefix script '/shared-folder/ros2_ws/src/tf_examples/install/local_setup.sh'
[0.693s] INFO:colcon.colcon_core.shell:Creating prefix util module '/shared-folder/ros2_ws/src/tf_examples/install/_local_setup_util_sh.py'
[0.693s] INFO:colcon.colcon_core.shell:Creating prefix chain script '/shared-folder/ros2_ws/src/tf_examples/install/setup.sh'
[0.694s] INFO:colcon.colcon_core.shell:Creating prefix script '/shared-folder/ros2_ws/src/tf_examples/install/local_setup.bash'
[0.695s] INFO:colcon.colcon_core.shell:Creating prefix chain script '/shared-folder/ros2_ws/src/tf_examples/install/setup.bash'
[0.695s] INFO:colcon.colcon_core.shell:Creating prefix script '/shared-folder/ros2_ws/src/tf_examples/install/local_setup.zsh'
[0.696s] INFO:colcon.colcon_core.shell:Creating prefix chain script '/shared-folder/ros2_ws/src/tf_examples/install/setup.zsh'
