[0.515s] Invoking command in '/shared-folder/ros2_ws/src/tf_examples': PYTHONPATH=/shared-folder/ros2_ws/build/tf_examples/prefix_override:/usr/lib/python3/dist-packages/colcon_core/task/python/colcon_distutils_commands:/shared-folder/ros2_ws/install/tf_examples/lib/python3.10/site-packages:${PYTHONPATH} /usr/bin/python3 -W ignore:setup.py install is deprecated -W ignore:easy_install command is deprecated setup.py egg_info --egg-base ../../build/tf_examples build --build-base /shared-folder/ros2_ws/build/tf_examples/build install --record /shared-folder/ros2_ws/build/tf_examples/install.log --single-version-externally-managed install_data
[0.656s] running egg_info
[0.656s] writing ../../build/tf_examples/tf_examples.egg-info/PKG-INFO
[0.656s] writing dependency_links to ../../build/tf_examples/tf_examples.egg-info/dependency_links.txt
[0.656s] writing entry points to ../../build/tf_examples/tf_examples.egg-info/entry_points.txt
[0.656s] writing requirements to ../../build/tf_examples/tf_examples.egg-info/requires.txt
[0.656s] writing top-level names to ../../build/tf_examples/tf_examples.egg-info/top_level.txt
[0.658s] reading manifest file '../../build/tf_examples/tf_examples.egg-info/SOURCES.txt'
[0.658s] adding license file 'LICENSE'
[0.658s] writing manifest file '../../build/tf_examples/tf_examples.egg-info/SOURCES.txt'
[0.658s] running build
[0.658s] running build_py
[0.659s] running install
[0.659s] running install_lib
[0.659s] running install_data
[0.659s] running install_egg_info
[0.661s] removing '/shared-folder/ros2_ws/install/tf_examples/lib/python3.10/site-packages/tf_examples-0.0.0-py3.10.egg-info' (and everything under it)
[0.661s] Copying ../../build/tf_examples/tf_examples.egg-info to /shared-folder/ros2_ws/install/tf_examples/lib/python3.10/site-packages/tf_examples-0.0.0-py3.10.egg-info
[0.661s] running install_scripts
[0.676s] Installing static_tf script to /shared-folder/ros2_ws/install/tf_examples/lib/tf_examples
[0.676s] writing list of installed files to '/shared-folder/ros2_ws/build/tf_examples/install.log'
[0.696s] Invoked command in '/shared-folder/ros2_ws/src/tf_examples' returned '0': PYTHONPATH=/shared-folder/ros2_ws/build/tf_examples/prefix_override:/usr/lib/python3/dist-packages/colcon_core/task/python/colcon_distutils_commands:/shared-folder/ros2_ws/install/tf_examples/lib/python3.10/site-packages:${PYTHONPATH} /usr/bin/python3 -W ignore:setup.py install is deprecated -W ignore:easy_install command is deprecated setup.py egg_info --egg-base ../../build/tf_examples build --build-base /shared-folder/ros2_ws/build/tf_examples/build install --record /shared-folder/ros2_ws/build/tf_examples/install.log --single-version-externally-managed install_data
