[0.362s] Invoking command in '/shared-folder/ros2_ws/src/tf_examples': PYTHONPATH=/shared-folder/ros2_ws/build/tf_examples/prefix_override:/usr/lib/python3/dist-packages/colcon_core/task/python/colcon_distutils_commands:/shared-folder/ros2_ws/install/tf_examples/lib/python3.10/site-packages:${PYTHONPATH} /usr/bin/python3 -W ignore:setup.py install is deprecated -W ignore:easy_install command is deprecated setup.py egg_info --egg-base ../../build/tf_examples build --build-base /shared-folder/ros2_ws/build/tf_examples/build install --record /shared-folder/ros2_ws/build/tf_examples/install.log --single-version-externally-managed install_data
[0.486s] running egg_info
[0.487s] creating ../../build/tf_examples/tf_examples.egg-info
[0.487s] writing ../../build/tf_examples/tf_examples.egg-info/PKG-INFO
[0.487s] writing dependency_links to ../../build/tf_examples/tf_examples.egg-info/dependency_links.txt
[0.487s] writing entry points to ../../build/tf_examples/tf_examples.egg-info/entry_points.txt
[0.487s] writing requirements to ../../build/tf_examples/tf_examples.egg-info/requires.txt
[0.487s] writing top-level names to ../../build/tf_examples/tf_examples.egg-info/top_level.txt
[0.487s] writing manifest file '../../build/tf_examples/tf_examples.egg-info/SOURCES.txt'
[0.488s] reading manifest file '../../build/tf_examples/tf_examples.egg-info/SOURCES.txt'
[0.488s] adding license file 'LICENSE'
[0.488s] writing manifest file '../../build/tf_examples/tf_examples.egg-info/SOURCES.txt'
[0.488s] running build
[0.488s] running build_py
[0.488s] creating /shared-folder/ros2_ws/build/tf_examples/build
[0.488s] creating /shared-folder/ros2_ws/build/tf_examples/build/lib
[0.488s] creating /shared-folder/ros2_ws/build/tf_examples/build/lib/tf_examples
[0.488s] copying tf_examples/static_tf.py -> /shared-folder/ros2_ws/build/tf_examples/build/lib/tf_examples
[0.489s] copying tf_examples/__init__.py -> /shared-folder/ros2_ws/build/tf_examples/build/lib/tf_examples
[0.489s] running install
[0.489s] running install_lib
[0.489s] creating /shared-folder/ros2_ws/install/tf_examples/lib/python3.10/site-packages/tf_examples
[0.489s] copying /shared-folder/ros2_ws/build/tf_examples/build/lib/tf_examples/static_tf.py -> /shared-folder/ros2_ws/install/tf_examples/lib/python3.10/site-packages/tf_examples
[0.489s] copying /shared-folder/ros2_ws/build/tf_examples/build/lib/tf_examples/__init__.py -> /shared-folder/ros2_ws/install/tf_examples/lib/python3.10/site-packages/tf_examples
[0.490s] byte-compiling /shared-folder/ros2_ws/install/tf_examples/lib/python3.10/site-packages/tf_examples/static_tf.py to static_tf.cpython-310.pyc
[0.490s] byte-compiling /shared-folder/ros2_ws/install/tf_examples/lib/python3.10/site-packages/tf_examples/__init__.py to __init__.cpython-310.pyc
[0.490s] running install_data
[0.490s] creating /shared-folder/ros2_ws/install/tf_examples/share/ament_index
[0.490s] creating /shared-folder/ros2_ws/install/tf_examples/share/ament_index/resource_index
[0.490s] creating /shared-folder/ros2_ws/install/tf_examples/share/ament_index/resource_index/packages
[0.490s] copying resource/tf_examples -> /shared-folder/ros2_ws/install/tf_examples/share/ament_index/resource_index/packages
[0.490s] copying package.xml -> /shared-folder/ros2_ws/install/tf_examples/share/tf_examples
[0.490s] creating /shared-folder/ros2_ws/install/tf_examples/share/tf_examples/launch
[0.490s] copying launch/static_tf_launch.py -> /shared-folder/ros2_ws/install/tf_examples/share/tf_examples/launch
[0.490s] running install_egg_info
[0.491s] Copying ../../build/tf_examples/tf_examples.egg-info to /shared-folder/ros2_ws/install/tf_examples/lib/python3.10/site-packages/tf_examples-0.0.0-py3.10.egg-info
[0.492s] running install_scripts
[0.504s] Installing static_tf script to /shared-folder/ros2_ws/install/tf_examples/lib/tf_examples
[0.505s] writing list of installed files to '/shared-folder/ros2_ws/build/tf_examples/install.log'
[0.519s] Invoked command in '/shared-folder/ros2_ws/src/tf_examples' returned '0': PYTHONPATH=/shared-folder/ros2_ws/build/tf_examples/prefix_override:/usr/lib/python3/dist-packages/colcon_core/task/python/colcon_distutils_commands:/shared-folder/ros2_ws/install/tf_examples/lib/python3.10/site-packages:${PYTHONPATH} /usr/bin/python3 -W ignore:setup.py install is deprecated -W ignore:easy_install command is deprecated setup.py egg_info --egg-base ../../build/tf_examples build --build-base /shared-folder/ros2_ws/build/tf_examples/build install --record /shared-folder/ros2_ws/build/tf_examples/install.log --single-version-externally-managed install_data
