[0.340s] Invoking command in '/shared-folder/ros2_ws/src/tf_examples': PYTHONPATH=/shared-folder/ros2_ws/src/tf_examples/build/tf_examples/prefix_override:/usr/lib/python3/dist-packages/colcon_core/task/python/colcon_distutils_commands:/shared-folder/ros2_ws/src/tf_examples/install/tf_examples/lib/python3.10/site-packages:${PYTHONPATH} /usr/bin/python3 -W ignore:setup.py install is deprecated -W ignore:easy_install command is deprecated setup.py egg_info --egg-base build/tf_examples build --build-base /shared-folder/ros2_ws/src/tf_examples/build/tf_examples/build install --record /shared-folder/ros2_ws/src/tf_examples/build/tf_examples/install.log --single-version-externally-managed install_data
[0.469s] running egg_info
[0.469s] creating build/tf_examples/tf_examples.egg-info
[0.469s] writing build/tf_examples/tf_examples.egg-info/PKG-INFO
[0.469s] writing dependency_links to build/tf_examples/tf_examples.egg-info/dependency_links.txt
[0.469s] writing entry points to build/tf_examples/tf_examples.egg-info/entry_points.txt
[0.469s] writing requirements to build/tf_examples/tf_examples.egg-info/requires.txt
[0.469s] writing top-level names to build/tf_examples/tf_examples.egg-info/top_level.txt
[0.469s] writing manifest file 'build/tf_examples/tf_examples.egg-info/SOURCES.txt'
[0.470s] reading manifest file 'build/tf_examples/tf_examples.egg-info/SOURCES.txt'
[0.470s] adding license file 'LICENSE'
[0.471s] writing manifest file 'build/tf_examples/tf_examples.egg-info/SOURCES.txt'
[0.471s] running build
[0.471s] running build_py
[0.471s] creating /shared-folder/ros2_ws/src/tf_examples/build/tf_examples/build
[0.471s] creating /shared-folder/ros2_ws/src/tf_examples/build/tf_examples/build/lib
[0.471s] creating /shared-folder/ros2_ws/src/tf_examples/build/tf_examples/build/lib/tf_examples
[0.471s] copying tf_examples/static_tf.py -> /shared-folder/ros2_ws/src/tf_examples/build/tf_examples/build/lib/tf_examples
[0.471s] copying tf_examples/__init__.py -> /shared-folder/ros2_ws/src/tf_examples/build/tf_examples/build/lib/tf_examples
[0.471s] running install
[0.471s] running install_lib
[0.472s] creating /shared-folder/ros2_ws/src/tf_examples/install/tf_examples/lib/python3.10/site-packages/tf_examples
[0.472s] copying /shared-folder/ros2_ws/src/tf_examples/build/tf_examples/build/lib/tf_examples/static_tf.py -> /shared-folder/ros2_ws/src/tf_examples/install/tf_examples/lib/python3.10/site-packages/tf_examples
[0.472s] copying /shared-folder/ros2_ws/src/tf_examples/build/tf_examples/build/lib/tf_examples/__init__.py -> /shared-folder/ros2_ws/src/tf_examples/install/tf_examples/lib/python3.10/site-packages/tf_examples
[0.472s] byte-compiling /shared-folder/ros2_ws/src/tf_examples/install/tf_examples/lib/python3.10/site-packages/tf_examples/static_tf.py to static_tf.cpython-310.pyc
[0.472s] byte-compiling /shared-folder/ros2_ws/src/tf_examples/install/tf_examples/lib/python3.10/site-packages/tf_examples/__init__.py to __init__.cpython-310.pyc
[0.472s] running install_data
[0.472s] creating /shared-folder/ros2_ws/src/tf_examples/install/tf_examples/share/ament_index
[0.472s] creating /shared-folder/ros2_ws/src/tf_examples/install/tf_examples/share/ament_index/resource_index
[0.472s] creating /shared-folder/ros2_ws/src/tf_examples/install/tf_examples/share/ament_index/resource_index/packages
[0.472s] copying resource/tf_examples -> /shared-folder/ros2_ws/src/tf_examples/install/tf_examples/share/ament_index/resource_index/packages
[0.472s] copying package.xml -> /shared-folder/ros2_ws/src/tf_examples/install/tf_examples/share/tf_examples
[0.472s] creating /shared-folder/ros2_ws/src/tf_examples/install/tf_examples/share/tf_examples/launch
[0.473s] copying launch/static_tf_launch.py -> /shared-folder/ros2_ws/src/tf_examples/install/tf_examples/share/tf_examples/launch
[0.473s] running install_egg_info
[0.474s] Copying build/tf_examples/tf_examples.egg-info to /shared-folder/ros2_ws/src/tf_examples/install/tf_examples/lib/python3.10/site-packages/tf_examples-0.0.0-py3.10.egg-info
[0.474s] running install_scripts
[0.487s] Installing static_tf script to /shared-folder/ros2_ws/src/tf_examples/install/tf_examples/lib/tf_examples
[0.487s] writing list of installed files to '/shared-folder/ros2_ws/src/tf_examples/build/tf_examples/install.log'
[0.504s] Invoked command in '/shared-folder/ros2_ws/src/tf_examples' returned '0': PYTHONPATH=/shared-folder/ros2_ws/src/tf_examples/build/tf_examples/prefix_override:/usr/lib/python3/dist-packages/colcon_core/task/python/colcon_distutils_commands:/shared-folder/ros2_ws/src/tf_examples/install/tf_examples/lib/python3.10/site-packages:${PYTHONPATH} /usr/bin/python3 -W ignore:setup.py install is deprecated -W ignore:easy_install command is deprecated setup.py egg_info --egg-base build/tf_examples build --build-base /shared-folder/ros2_ws/src/tf_examples/build/tf_examples/build install --record /shared-folder/ros2_ws/src/tf_examples/build/tf_examples/install.log --single-version-externally-managed install_data
