running egg_info
creating ../../../build/a_star_map_publisher/a_star_map_publisher.egg-info
writing ../../../build/a_star_map_publisher/a_star_map_publisher.egg-info/PKG-INFO
writing dependency_links to ../../../build/a_star_map_publisher/a_star_map_publisher.egg-info/dependency_links.txt
writing entry points to ../../../build/a_star_map_publisher/a_star_map_publisher.egg-info/entry_points.txt
writing requirements to ../../../build/a_star_map_publisher/a_star_map_publisher.egg-info/requires.txt
writing top-level names to ../../../build/a_star_map_publisher/a_star_map_publisher.egg-info/top_level.txt
writing manifest file '../../../build/a_star_map_publisher/a_star_map_publisher.egg-info/SOURCES.txt'
reading manifest file '../../../build/a_star_map_publisher/a_star_map_publisher.egg-info/SOURCES.txt'
writing manifest file '../../../build/a_star_map_publisher/a_star_map_publisher.egg-info/SOURCES.txt'
running build
running build_py
creating /home/rodrigo/ros2_ws/build/a_star_map_publisher/build
creating /home/rodrigo/ros2_ws/build/a_star_map_publisher/build/lib
creating /home/rodrigo/ros2_ws/build/a_star_map_publisher/build/lib/a_star_map_publisher
copying a_star_map_publisher/map_publisher.py -> /home/rodrigo/ros2_ws/build/a_star_map_publisher/build/lib/a_star_map_publisher
copying a_star_map_publisher/a_star_node.py -> /home/rodrigo/ros2_ws/build/a_star_map_publisher/build/lib/a_star_map_publisher
copying a_star_map_publisher/a_star_planner.py -> /home/rodrigo/ros2_ws/build/a_star_map_publisher/build/lib/a_star_map_publisher
copying a_star_map_publisher/__init__.py -> /home/rodrigo/ros2_ws/build/a_star_map_publisher/build/lib/a_star_map_publisher
running install
running install_lib
creating /home/rodrigo/ros2_ws/install/a_star_map_publisher/lib/python3.12/site-packages/a_star_map_publisher
copying /home/rodrigo/ros2_ws/build/a_star_map_publisher/build/lib/a_star_map_publisher/map_publisher.py -> /home/rodrigo/ros2_ws/install/a_star_map_publisher/lib/python3.12/site-packages/a_star_map_publisher
copying /home/rodrigo/ros2_ws/build/a_star_map_publisher/build/lib/a_star_map_publisher/a_star_node.py -> /home/rodrigo/ros2_ws/install/a_star_map_publisher/lib/python3.12/site-packages/a_star_map_publisher
copying /home/rodrigo/ros2_ws/build/a_star_map_publisher/build/lib/a_star_map_publisher/a_star_planner.py -> /home/rodrigo/ros2_ws/install/a_star_map_publisher/lib/python3.12/site-packages/a_star_map_publisher
copying /home/rodrigo/ros2_ws/build/a_star_map_publisher/build/lib/a_star_map_publisher/__init__.py -> /home/rodrigo/ros2_ws/install/a_star_map_publisher/lib/python3.12/site-packages/a_star_map_publisher
byte-compiling /home/rodrigo/ros2_ws/install/a_star_map_publisher/lib/python3.12/site-packages/a_star_map_publisher/map_publisher.py to map_publisher.cpython-312.pyc
byte-compiling /home/rodrigo/ros2_ws/install/a_star_map_publisher/lib/python3.12/site-packages/a_star_map_publisher/a_star_node.py to a_star_node.cpython-312.pyc
byte-compiling /home/rodrigo/ros2_ws/install/a_star_map_publisher/lib/python3.12/site-packages/a_star_map_publisher/a_star_planner.py to a_star_planner.cpython-312.pyc
byte-compiling /home/rodrigo/ros2_ws/install/a_star_map_publisher/lib/python3.12/site-packages/a_star_map_publisher/__init__.py to __init__.cpython-312.pyc
running install_data
creating /home/rodrigo/ros2_ws/install/a_star_map_publisher/share/ament_index
creating /home/rodrigo/ros2_ws/install/a_star_map_publisher/share/ament_index/resource_index
creating /home/rodrigo/ros2_ws/install/a_star_map_publisher/share/ament_index/resource_index/packages
copying resource/a_star_map_publisher -> /home/rodrigo/ros2_ws/install/a_star_map_publisher/share/ament_index/resource_index/packages
copying package.xml -> /home/rodrigo/ros2_ws/install/a_star_map_publisher/share/a_star_map_publisher
running install_egg_info
Copying ../../../build/a_star_map_publisher/a_star_map_publisher.egg-info to /home/rodrigo/ros2_ws/install/a_star_map_publisher/lib/python3.12/site-packages/a_star_map_publisher-0.0.0-py3.12.egg-info
running install_scripts
Installing a_star_node script to /home/rodrigo/ros2_ws/install/a_star_map_publisher/lib/a_star_map_publisher
Installing map_publisher script to /home/rodrigo/ros2_ws/install/a_star_map_publisher/lib/a_star_map_publisher
writing list of installed files to '/home/rodrigo/ros2_ws/build/a_star_map_publisher/install.log'
