running egg_info
writing ../../build/joints_act/joints_act.egg-info/PKG-INFO
writing dependency_links to ../../build/joints_act/joints_act.egg-info/dependency_links.txt
writing entry points to ../../build/joints_act/joints_act.egg-info/entry_points.txt
writing requirements to ../../build/joints_act/joints_act.egg-info/requires.txt
writing top-level names to ../../build/joints_act/joints_act.egg-info/top_level.txt
reading manifest file '../../build/joints_act/joints_act.egg-info/SOURCES.txt'
adding license file 'LICENSE'
writing manifest file '../../build/joints_act/joints_act.egg-info/SOURCES.txt'
running build
running build_py
copying joints_act/joint_pub.py -> /shared-folder/ros2_ws/build/joints_act/build/lib/joints_act
running install
running install_lib
copying /shared-folder/ros2_ws/build/joints_act/build/lib/joints_act/joint_pub.py -> /shared-folder/ros2_ws/install/joints_act/lib/python3.10/site-packages/joints_act
byte-compiling /shared-folder/ros2_ws/install/joints_act/lib/python3.10/site-packages/joints_act/joint_pub.py to joint_pub.cpython-310.pyc
running install_data
running install_egg_info
removing '/shared-folder/ros2_ws/install/joints_act/lib/python3.10/site-packages/joints_act-0.0.0-py3.10.egg-info' (and everything under it)
Copying ../../build/joints_act/joints_act.egg-info to /shared-folder/ros2_ws/install/joints_act/lib/python3.10/site-packages/joints_act-0.0.0-py3.10.egg-info
running install_scripts
Installing joint_pub script to /shared-folder/ros2_ws/install/joints_act/lib/joints_act
writing list of installed files to '/shared-folder/ros2_ws/build/joints_act/install.log'
