[0.853s] Invoking command in '/shared-folder/ros2_ws/src/joints_act': PYTHONPATH=/shared-folder/ros2_ws/build/joints_act/prefix_override:/usr/lib/python3/dist-packages/colcon_core/task/python/colcon_distutils_commands:/shared-folder/ros2_ws/install/joints_act/lib/python3.10/site-packages:${PYTHONPATH} /usr/bin/python3 -W ignore:setup.py install is deprecated -W ignore:easy_install command is deprecated setup.py egg_info --egg-base ../../build/joints_act build --build-base /shared-folder/ros2_ws/build/joints_act/build install --record /shared-folder/ros2_ws/build/joints_act/install.log --single-version-externally-managed install_data
[1.044s] running egg_info
[1.045s] writing ../../build/joints_act/joints_act.egg-info/PKG-INFO
[1.045s] writing dependency_links to ../../build/joints_act/joints_act.egg-info/dependency_links.txt
[1.046s] writing entry points to ../../build/joints_act/joints_act.egg-info/entry_points.txt
[1.046s] writing requirements to ../../build/joints_act/joints_act.egg-info/requires.txt
[1.046s] writing top-level names to ../../build/joints_act/joints_act.egg-info/top_level.txt
[1.047s] reading manifest file '../../build/joints_act/joints_act.egg-info/SOURCES.txt'
[1.047s] adding license file 'LICENSE'
[1.048s] writing manifest file '../../build/joints_act/joints_act.egg-info/SOURCES.txt'
[1.048s] running build
[1.048s] running build_py
[1.048s] copying joints_act/joint_pub.py -> /shared-folder/ros2_ws/build/joints_act/build/lib/joints_act
[1.049s] running install
[1.049s] running install_lib
[1.049s] copying /shared-folder/ros2_ws/build/joints_act/build/lib/joints_act/joint_pub.py -> /shared-folder/ros2_ws/install/joints_act/lib/python3.10/site-packages/joints_act
[1.050s] byte-compiling /shared-folder/ros2_ws/install/joints_act/lib/python3.10/site-packages/joints_act/joint_pub.py to joint_pub.cpython-310.pyc
[1.051s] running install_data
[1.051s] running install_egg_info
[1.053s] removing '/shared-folder/ros2_ws/install/joints_act/lib/python3.10/site-packages/joints_act-0.0.0-py3.10.egg-info' (and everything under it)
[1.053s] Copying ../../build/joints_act/joints_act.egg-info to /shared-folder/ros2_ws/install/joints_act/lib/python3.10/site-packages/joints_act-0.0.0-py3.10.egg-info
[1.054s] running install_scripts
[1.074s] Installing joint_pub script to /shared-folder/ros2_ws/install/joints_act/lib/joints_act
[1.074s] writing list of installed files to '/shared-folder/ros2_ws/build/joints_act/install.log'
[1.118s] Invoked command in '/shared-folder/ros2_ws/src/joints_act' returned '0': PYTHONPATH=/shared-folder/ros2_ws/build/joints_act/prefix_override:/usr/lib/python3/dist-packages/colcon_core/task/python/colcon_distutils_commands:/shared-folder/ros2_ws/install/joints_act/lib/python3.10/site-packages:${PYTHONPATH} /usr/bin/python3 -W ignore:setup.py install is deprecated -W ignore:easy_install command is deprecated setup.py egg_info --egg-base ../../build/joints_act build --build-base /shared-folder/ros2_ws/build/joints_act/build install --record /shared-folder/ros2_ws/build/joints_act/install.log --single-version-externally-managed install_data
