[0.634s] Invoking command in '/shared-folder/ros2_ws/src/puzzlebot_sim': PYTHONPATH=/shared-folder/ros2_ws/build/puzzlebot_sim/prefix_override:/usr/lib/python3/dist-packages/colcon_core/task/python/colcon_distutils_commands:/shared-folder/ros2_ws/install/puzzlebot_sim/lib/python3.10/site-packages:${PYTHONPATH} /usr/bin/python3 -W ignore:setup.py install is deprecated -W ignore:easy_install command is deprecated setup.py egg_info --egg-base ../../build/puzzlebot_sim build --build-base /shared-folder/ros2_ws/build/puzzlebot_sim/build install --record /shared-folder/ros2_ws/build/puzzlebot_sim/install.log --single-version-externally-managed install_data
[0.769s] running egg_info
[0.770s] writing ../../build/puzzlebot_sim/puzzlebot_sim.egg-info/PKG-INFO
[0.770s] writing dependency_links to ../../build/puzzlebot_sim/puzzlebot_sim.egg-info/dependency_links.txt
[0.770s] writing entry points to ../../build/puzzlebot_sim/puzzlebot_sim.egg-info/entry_points.txt
[0.771s] writing requirements to ../../build/puzzlebot_sim/puzzlebot_sim.egg-info/requires.txt
[0.771s] writing top-level names to ../../build/puzzlebot_sim/puzzlebot_sim.egg-info/top_level.txt
[0.772s] reading manifest file '../../build/puzzlebot_sim/puzzlebot_sim.egg-info/SOURCES.txt'
[0.773s] adding license file 'LICENSE'
[0.773s] writing manifest file '../../build/puzzlebot_sim/puzzlebot_sim.egg-info/SOURCES.txt'
[0.773s] running build
[0.773s] running build_py
[0.774s] copying puzzlebot_sim/puzzlebot_tfs.py -> /shared-folder/ros2_ws/build/puzzlebot_sim/build/lib/puzzlebot_sim
[0.774s] running install
[0.774s] running install_lib
[0.774s] copying /shared-folder/ros2_ws/build/puzzlebot_sim/build/lib/puzzlebot_sim/puzzlebot_tfs.py -> /shared-folder/ros2_ws/install/puzzlebot_sim/lib/python3.10/site-packages/puzzlebot_sim
[0.775s] byte-compiling /shared-folder/ros2_ws/install/puzzlebot_sim/lib/python3.10/site-packages/puzzlebot_sim/puzzlebot_tfs.py to puzzlebot_tfs.cpython-310.pyc
[0.775s] running install_data
[0.776s] running install_egg_info
[0.777s] removing '/shared-folder/ros2_ws/install/puzzlebot_sim/lib/python3.10/site-packages/puzzlebot_sim-0.0.0-py3.10.egg-info' (and everything under it)
[0.778s] Copying ../../build/puzzlebot_sim/puzzlebot_sim.egg-info to /shared-folder/ros2_ws/install/puzzlebot_sim/lib/python3.10/site-packages/puzzlebot_sim-0.0.0-py3.10.egg-info
[0.778s] running install_scripts
[0.793s] Installing puzzlebot_tfs script to /shared-folder/ros2_ws/install/puzzlebot_sim/lib/puzzlebot_sim
[0.793s] writing list of installed files to '/shared-folder/ros2_ws/build/puzzlebot_sim/install.log'
[0.815s] Invoked command in '/shared-folder/ros2_ws/src/puzzlebot_sim' returned '0': PYTHONPATH=/shared-folder/ros2_ws/build/puzzlebot_sim/prefix_override:/usr/lib/python3/dist-packages/colcon_core/task/python/colcon_distutils_commands:/shared-folder/ros2_ws/install/puzzlebot_sim/lib/python3.10/site-packages:${PYTHONPATH} /usr/bin/python3 -W ignore:setup.py install is deprecated -W ignore:easy_install command is deprecated setup.py egg_info --egg-base ../../build/puzzlebot_sim build --build-base /shared-folder/ros2_ws/build/puzzlebot_sim/build install --record /shared-folder/ros2_ws/build/puzzlebot_sim/install.log --single-version-externally-managed install_data
